May 24, 2016 3:09:10 PM Client_Side.ManagerClients main
INFO: ManagerID: mtl10001 log in DSMS.
May 24, 2016 3:09:12 PM Client_Side.ManagerClients main
INFO: Manager Choose Creat Doctor Record.
May 24, 2016 3:09:24 PM Client_Side.ManagerClients main
INFO: Manager Creat Doctor Record Succeed!
Doctor Record Buid Succeed !
RecordID: DR10000
First Name: dong
Last Name: chen
Address: montreal
Phone:12345678
specialization: abc
location: mtl

May 24, 2016 3:09:30 PM Client_Side.ManagerClients main
INFO: Manager Choose Get Record Counts.
May 24, 2016 3:09:32 PM Client_Side.ManagerClients main
INFO: Get Record Counts: 
MTL DR: 3
LVL DR: 0
DDO DR: 1

May 24, 2016 3:09:43 PM Client_Side.ManagerClients main
INFO: Manager Choose Edit Record.
May 24, 2016 3:09:53 PM Client_Side.ManagerClients main
INFO: Manager Edit Record Succeed!
edit succeed !
RecordID: DR10000
First Name: dong
Last Name: chen
Address: montreal
Phone:123
specialization: abc
location: mtl

May 24, 2016 3:09:57 PM Client_Side.ManagerClients main
INFO: Manager Exit the DSMS
May 24, 2016 9:02:26 PM Client_Side.ManagerClients main
INFO: ManagerID: mtl10001 log in DSMS.
May 24, 2016 9:02:28 PM Client_Side.ManagerClients main
INFO: Manager Exit the DSMS
May 24, 2016 9:03:04 PM Client_Side.ManagerClients main
INFO: ManagerID: mtl10001 log in DSMS.
May 24, 2016 9:03:08 PM Client_Side.ManagerClients main
INFO: Manager Exit the DSMS
May 24, 2016 9:28:51 PM Client_Side.ManagerClients main
INFO: ManagerID: mtl10001 log in DSMS.
May 24, 2016 9:28:55 PM Client_Side.ManagerClients main
INFO: Manager Choose Creat Doctor Record.
May 24, 2016 9:29:07 PM Client_Side.ManagerClients main
INFO: Manager Creat Doctor Record Succeed!
Doctor Record Buid Succeed !
RecordID: DR10000
First Name: dong
Last Name: chen
Address: montreal
Phone:123
specialization: abc
location: mtl

May 24, 2016 9:29:15 PM Client_Side.ManagerClients main
INFO: Manager Choose Creat Doctor Record.
May 24, 2016 9:29:25 PM Client_Side.ManagerClients main
INFO: Manager Creat Doctor Record Succeed!
Doctor Record Buid Succeed !
RecordID: DR10001
First Name: peilin
Last Name: jiang
Address: montreal
Phone:123123
specialization: ac
location: lvl

May 24, 2016 9:29:34 PM Client_Side.ManagerClients main
INFO: Manager Choose Creat Nurse Record.
May 24, 2016 9:29:46 PM Client_Side.ManagerClients main
INFO: Manager Creat Nurse Record Succeed!
Nurse Record Buid Succeed !
RecordID: NR10002
First Name: chen
Last Name: dong
Designation: junior
Status:active
StatusDate1990/07/09

